<?xml version="1.0" encoding="UTF-8"?>
<testng-results ignored="0" total="3" passed="1" failed="2" skipped="0">
  <reporter-output>
  </reporter-output>
  <suite started-at="2024-09-05T13:45:40 CEST" name="Surefire suite" finished-at="2024-09-05T13:45:51 CEST" duration-ms="11217">
    <groups>
      <group name="cucumber">
        <method signature="AbstractTestNGCucumberTests.runScenario(io.cucumber.testng.PickleWrapper,io.cucumber.testng.FeatureWrapper)[pri:0, instance:runners.TestRunner@32502377]" name="runScenario" class="io.cucumber.testng.AbstractTestNGCucumberTests"/>
      </group> <!-- cucumber -->
    </groups>
    <test started-at="2024-09-05T13:45:40 CEST" name="Surefire test" finished-at="2024-09-05T13:45:51 CEST" duration-ms="11217">
      <class name="runners.TestRunner">
        <test-method is-config="true" signature="setUpClass(org.testng.ITestContext)[pri:0, instance:runners.TestRunner@32502377]" started-at="2024-09-05T13:45:40 CEST" name="setUpClass" finished-at="2024-09-05T13:45:40 CEST" duration-ms="150" status="PASS">
          <params>
            <param index="0">
              <value>
                <![CDATA[org.testng.TestRunner@780546f8]]>
              </value>
            </param>
          </params>
          <reporter-output>
          </reporter-output>
        </test-method> <!-- setUpClass -->
        <test-method signature="runScenario(io.cucumber.testng.PickleWrapper,io.cucumber.testng.FeatureWrapper)[pri:0, instance:runners.TestRunner@32502377]" started-at="2024-09-05T13:45:40 CEST" name="runScenario" description="Runs Cucumber Scenarios" data-provider="scenarios" finished-at="2024-09-05T13:45:46 CEST" duration-ms="6360" status="PASS">
          <params>
            <param index="0">
              <value>
                <![CDATA["User can search for a course"]]>
              </value>
            </param>
            <param index="1">
              <value>
                <![CDATA["Basic Cloud Academy End to End Test"]]>
              </value>
            </param>
          </params>
          <reporter-output>
          </reporter-output>
        </test-method> <!-- runScenario -->
        <test-method signature="runScenario(io.cucumber.testng.PickleWrapper,io.cucumber.testng.FeatureWrapper)[pri:0, instance:runners.TestRunner@32502377]" started-at="2024-09-05T13:45:46 CEST" name="runScenario" description="Runs Cucumber Scenarios" data-provider="scenarios" finished-at="2024-09-05T13:45:49 CEST" duration-ms="2286" status="FAIL">
          <params>
            <param index="0">
              <value>
                <![CDATA["Verify Google search box"]]>
              </value>
            </param>
            <param index="1">
              <value>
                <![CDATA["Google Search"]]>
              </value>
            </param>
          </params>
          <exception class="java.lang.NullPointerException">
            <message>
              <![CDATA[Cannot invoke "org.openqa.selenium.WebDriver.get(String)" because "this.driver" is null]]>
            </message>
            <full-stacktrace>
              <![CDATA[java.lang.NullPointerException: Cannot invoke "org.openqa.selenium.WebDriver.get(String)" because "this.driver" is null
at steps.GoogleSearchSteps.i_open_google_homepage(GoogleSearchSteps.java:17)
at ✽.I open Google homepage(file:///C:/Users/manue/Desktop/repositories/ca-automated-test/src/test/resources/features/google_search.feature:3)
]]>
            </full-stacktrace>
          </exception> <!-- java.lang.NullPointerException -->
          <reporter-output>
          </reporter-output>
        </test-method> <!-- runScenario -->
        <test-method signature="runScenario(io.cucumber.testng.PickleWrapper,io.cucumber.testng.FeatureWrapper)[pri:0, instance:runners.TestRunner@32502377]" started-at="2024-09-05T13:45:49 CEST" name="runScenario" description="Runs Cucumber Scenarios" data-provider="scenarios" finished-at="2024-09-05T13:45:51 CEST" duration-ms="2246" status="FAIL">
          <params>
            <param index="0">
              <value>
                <![CDATA["Verify Google search box (ko simulation with assert false)"]]>
              </value>
            </param>
            <param index="1">
              <value>
                <![CDATA["Google Search"]]>
              </value>
            </param>
          </params>
          <exception class="java.lang.NullPointerException">
            <message>
              <![CDATA[Cannot invoke "org.openqa.selenium.WebDriver.get(String)" because "this.driver" is null]]>
            </message>
            <full-stacktrace>
              <![CDATA[java.lang.NullPointerException: Cannot invoke "org.openqa.selenium.WebDriver.get(String)" because "this.driver" is null
at steps.GoogleSearchSteps.i_open_google_homepage(GoogleSearchSteps.java:17)
at ✽.I open Google homepage(file:///C:/Users/manue/Desktop/repositories/ca-automated-test/src/test/resources/features/google_search.feature:7)
]]>
            </full-stacktrace>
          </exception> <!-- java.lang.NullPointerException -->
          <reporter-output>
          </reporter-output>
        </test-method> <!-- runScenario -->
        <test-method is-config="true" signature="tearDownClass()[pri:0, instance:runners.TestRunner@32502377]" started-at="2024-09-05T13:45:51 CEST" name="tearDownClass" finished-at="2024-09-05T13:45:51 CEST" duration-ms="115" status="PASS">
          <reporter-output>
          </reporter-output>
        </test-method> <!-- tearDownClass -->
      </class> <!-- runners.TestRunner -->
    </test> <!-- Surefire test -->
  </suite> <!-- Surefire suite -->
</testng-results>
